<?xml version="1.0" encoding="UTF-8"?>
<coverage generated="1678747318894" clover="3.2.0">
  <project timestamp="1678747318894" name="All files">
    <metrics statements="39" coveredstatements="39" conditionals="21" coveredconditionals="17" methods="8" coveredmethods="8" elements="68" coveredelements="64" complexity="0" loc="39" ncloc="39" packages="1" files="1" classes="1"/>
    <file name="index.js" path="/Users/millroyfernandes/Development/coding-excercise/src/index.js">
      <metrics statements="39" coveredstatements="39" conditionals="21" coveredconditionals="17" methods="8" coveredmethods="8"/>
      <line num="1" count="1" type="stmt"/>
      <line num="2" count="9" type="stmt"/>
      <line num="4" count="9" type="cond" truecount="2" falsecount="0"/>
      <line num="5" count="1" type="stmt"/>
      <line num="6" count="8" type="cond" truecount="2" falsecount="0"/>
      <line num="7" count="2" type="stmt"/>
      <line num="20" count="6" type="cond" truecount="2" falsecount="0"/>
      <line num="21" count="1" type="stmt"/>
      <line num="24" count="9" type="stmt"/>
      <line num="27" count="1" type="stmt"/>
      <line num="28" count="5" type="cond" truecount="2" falsecount="0"/>
      <line num="30" count="5" type="cond" truecount="2" falsecount="0"/>
      <line num="31" count="4" type="stmt"/>
      <line num="34" count="1" type="stmt"/>
      <line num="37" count="1" type="stmt"/>
      <line num="38" count="23" type="stmt"/>
      <line num="39" count="138" type="stmt"/>
      <line num="40" count="85" type="stmt"/>
      <line num="41" count="23" type="stmt"/>
      <line num="44" count="1" type="cond" truecount="0" falsecount="1"/>
      <line num="45" count="23" type="stmt"/>
      <line num="46" count="23" type="stmt"/>
      <line num="47" count="23" type="cond" truecount="1" falsecount="1"/>
      <line num="48" count="23" type="cond" truecount="0" falsecount="2"/>
      <line num="49" count="23" type="stmt"/>
      <line num="51" count="23" type="stmt"/>
      <line num="52" count="161" type="stmt"/>
      <line num="54" count="161" type="cond" truecount="2" falsecount="0"/>
      <line num="55" count="23" type="stmt"/>
      <line num="57" count="161" type="stmt"/>
      <line num="60" count="23" type="cond" truecount="2" falsecount="0"/>
      <line num="61" count="18" type="stmt"/>
      <line num="65" count="5" type="stmt"/>
      <line num="68" count="1" type="stmt"/>
      <line num="69" count="9" type="cond" truecount="2" falsecount="0"/>
      <line num="70" count="4" type="stmt"/>
      <line num="73" count="5" type="stmt"/>
      <line num="83" count="5" type="stmt"/>
      <line num="84" count="5" type="stmt"/>
    </file>
  </project>
</coverage>
