{"/Users/millroyfernandes/Development/coding-excercise/src/index.js": {"path":"/Users/millroyfernandes/Development/coding-excercise/src/index.js","statementMap":{"0":{"start":{"line":1,"column":22},"end":{"line":25,"column":1}},"1":{"start":{"line":2,"column":16},"end":{"line":2,"column":20}},"2":{"start":{"line":4,"column":2},"end":{"line":22,"column":3}},"3":{"start":{"line":5,"column":4},"end":{"line":5,"column":20}},"4":{"start":{"line":6,"column":9},"end":{"line":22,"column":3}},"5":{"start":{"line":7,"column":4},"end":{"line":7,"column":20}},"6":{"start":{"line":20,"column":9},"end":{"line":22,"column":3}},"7":{"start":{"line":21,"column":4},"end":{"line":21,"column":20}},"8":{"start":{"line":24,"column":2},"end":{"line":24,"column":17}},"9":{"start":{"line":27,"column":30},"end":{"line":35,"column":1}},"10":{"start":{"line":28,"column":23},"end":{"line":28,"column":77}},"11":{"start":{"line":30,"column":2},"end":{"line":32,"column":3}},"12":{"start":{"line":31,"column":4},"end":{"line":31,"column":44}},"13":{"start":{"line":34,"column":2},"end":{"line":34,"column":36}},"14":{"start":{"line":37,"column":23},"end":{"line":42,"column":1}},"15":{"start":{"line":38,"column":15},"end":{"line":40,"column":55}},"16":{"start":{"line":39,"column":20},"end":{"line":39,"column":37}},"17":{"start":{"line":40,"column":36},"end":{"line":40,"column":54}},"18":{"start":{"line":41,"column":2},"end":{"line":41,"column":14}},"19":{"start":{"line":44,"column":29},"end":{"line":66,"column":1}},"20":{"start":{"line":45,"column":17},"end":{"line":45,"column":27}},"21":{"start":{"line":46,"column":22},"end":{"line":46,"column":53}},"22":{"start":{"line":47,"column":2},"end":{"line":63,"column":3}},"23":{"start":{"line":48,"column":56},"end":{"line":48,"column":67}},"24":{"start":{"line":49,"column":21},"end":{"line":49,"column":38}},"25":{"start":{"line":51,"column":4},"end":{"line":58,"column":7}},"26":{"start":{"line":52,"column":22},"end":{"line":52,"column":33}},"27":{"start":{"line":54,"column":6},"end":{"line":56,"column":7}},"28":{"start":{"line":55,"column":8},"end":{"line":55,"column":30}},"29":{"start":{"line":57,"column":6},"end":{"line":57,"column":21}},"30":{"start":{"line":60,"column":4},"end":{"line":62,"column":5}},"31":{"start":{"line":61,"column":6},"end":{"line":61,"column":65}},"32":{"start":{"line":65,"column":2},"end":{"line":65,"column":18}},"33":{"start":{"line":68,"column":25},"end":{"line":85,"column":1}},"34":{"start":{"line":69,"column":2},"end":{"line":71,"column":3}},"35":{"start":{"line":70,"column":4},"end":{"line":70,"column":46}},"36":{"start":{"line":73,"column":14},"end":{"line":81,"column":3}},"37":{"start":{"line":83,"column":23},"end":{"line":83,"column":58}},"38":{"start":{"line":84,"column":2},"end":{"line":84,"column":51}}},"fnMap":{"0":{"name":"(anonymous_0)","decl":{"start":{"line":1,"column":22},"end":{"line":1,"column":23}},"loc":{"start":{"line":1,"column":33},"end":{"line":25,"column":1}},"line":1},"1":{"name":"(anonymous_1)","decl":{"start":{"line":27,"column":30},"end":{"line":27,"column":31}},"loc":{"start":{"line":27,"column":41},"end":{"line":35,"column":1}},"line":27},"2":{"name":"(anonymous_2)","decl":{"start":{"line":37,"column":23},"end":{"line":37,"column":24}},"loc":{"start":{"line":37,"column":41},"end":{"line":42,"column":1}},"line":37},"3":{"name":"(anonymous_3)","decl":{"start":{"line":39,"column":10},"end":{"line":39,"column":11}},"loc":{"start":{"line":39,"column":20},"end":{"line":39,"column":37}},"line":39},"4":{"name":"(anonymous_4)","decl":{"start":{"line":40,"column":10},"end":{"line":40,"column":11}},"loc":{"start":{"line":40,"column":36},"end":{"line":40,"column":54}},"line":40},"5":{"name":"(anonymous_5)","decl":{"start":{"line":44,"column":29},"end":{"line":44,"column":30}},"loc":{"start":{"line":44,"column":52},"end":{"line":66,"column":1}},"line":44},"6":{"name":"(anonymous_6)","decl":{"start":{"line":51,"column":28},"end":{"line":51,"column":29}},"loc":{"start":{"line":51,"column":38},"end":{"line":58,"column":5}},"line":51},"7":{"name":"(anonymous_7)","decl":{"start":{"line":68,"column":25},"end":{"line":68,"column":26}},"loc":{"start":{"line":68,"column":36},"end":{"line":85,"column":1}},"line":68}},"branchMap":{"0":{"loc":{"start":{"line":4,"column":2},"end":{"line":22,"column":3}},"type":"if","locations":[{"start":{"line":4,"column":2},"end":{"line":22,"column":3}},{"start":{"line":6,"column":9},"end":{"line":22,"column":3}}],"line":4},"1":{"loc":{"start":{"line":6,"column":9},"end":{"line":22,"column":3}},"type":"if","locations":[{"start":{"line":6,"column":9},"end":{"line":22,"column":3}},{"start":{"line":20,"column":9},"end":{"line":22,"column":3}}],"line":6},"2":{"loc":{"start":{"line":20,"column":9},"end":{"line":22,"column":3}},"type":"if","locations":[{"start":{"line":20,"column":9},"end":{"line":22,"column":3}},{"start":{},"end":{}}],"line":20},"3":{"loc":{"start":{"line":28,"column":23},"end":{"line":28,"column":77}},"type":"cond-expr","locations":[{"start":{"line":28,"column":47},"end":{"line":28,"column":69}},{"start":{"line":28,"column":72},"end":{"line":28,"column":77}}],"line":28},"4":{"loc":{"start":{"line":30,"column":2},"end":{"line":32,"column":3}},"type":"if","locations":[{"start":{"line":30,"column":2},"end":{"line":32,"column":3}},{"start":{},"end":{}}],"line":30},"5":{"loc":{"start":{"line":44,"column":37},"end":{"line":44,"column":47}},"type":"default-arg","locations":[{"start":{"line":44,"column":45},"end":{"line":44,"column":47}}],"line":44},"6":{"loc":{"start":{"line":47,"column":2},"end":{"line":63,"column":3}},"type":"if","locations":[{"start":{"line":47,"column":2},"end":{"line":63,"column":3}},{"start":{},"end":{}}],"line":47},"7":{"loc":{"start":{"line":48,"column":19},"end":{"line":48,"column":32}},"type":"default-arg","locations":[{"start":{"line":48,"column":31},"end":{"line":48,"column":32}}],"line":48},"8":{"loc":{"start":{"line":48,"column":39},"end":{"line":48,"column":51}},"type":"default-arg","locations":[{"start":{"line":48,"column":49},"end":{"line":48,"column":51}}],"line":48},"9":{"loc":{"start":{"line":54,"column":6},"end":{"line":56,"column":7}},"type":"if","locations":[{"start":{"line":54,"column":6},"end":{"line":56,"column":7}},{"start":{},"end":{}}],"line":54},"10":{"loc":{"start":{"line":60,"column":4},"end":{"line":62,"column":5}},"type":"if","locations":[{"start":{"line":60,"column":4},"end":{"line":62,"column":5}},{"start":{},"end":{}}],"line":60},"11":{"loc":{"start":{"line":69,"column":2},"end":{"line":71,"column":3}},"type":"if","locations":[{"start":{"line":69,"column":2},"end":{"line":71,"column":3}},{"start":{},"end":{}}],"line":69}},"s":{"0":1,"1":9,"2":9,"3":1,"4":8,"5":2,"6":6,"7":1,"8":9,"9":1,"10":5,"11":5,"12":4,"13":1,"14":1,"15":23,"16":138,"17":85,"18":23,"19":1,"20":23,"21":23,"22":23,"23":23,"24":23,"25":23,"26":161,"27":161,"28":23,"29":161,"30":23,"31":18,"32":5,"33":1,"34":9,"35":4,"36":5,"37":5,"38":5},"f":{"0":9,"1":5,"2":23,"3":138,"4":85,"5":23,"6":161,"7":9},"b":{"0":[1,8],"1":[2,6],"2":[1,5],"3":[3,2],"4":[4,1],"5":[0],"6":[23,0],"7":[0],"8":[0],"9":[23,138],"10":[18,5],"11":[4,5]},"_coverageSchema":"1a1c01bbd47fc00a2c39e90264f33305004495a9","hash":"541fb25ec3b2ce73c055a2808607ca4f3bf2b019"}
}
