TN:
SF:src/index.js
FN:1,(anonymous_0)
FN:27,(anonymous_1)
FN:37,(anonymous_2)
FN:39,(anonymous_3)
FN:40,(anonymous_4)
FN:44,(anonymous_5)
FN:51,(anonymous_6)
FN:68,(anonymous_7)
FNF:8
FNH:8
FNDA:9,(anonymous_0)
FNDA:5,(anonymous_1)
FNDA:23,(anonymous_2)
FNDA:138,(anonymous_3)
FNDA:85,(anonymous_4)
FNDA:23,(anonymous_5)
FNDA:161,(anonymous_6)
FNDA:9,(anonymous_7)
DA:1,1
DA:2,9
DA:4,9
DA:5,1
DA:6,8
DA:7,2
DA:20,6
DA:21,1
DA:24,9
DA:27,1
DA:28,5
DA:30,5
DA:31,4
DA:34,1
DA:37,1
DA:38,23
DA:39,138
DA:40,85
DA:41,23
DA:44,1
DA:45,23
DA:46,23
DA:47,23
DA:48,23
DA:49,23
DA:51,23
DA:52,161
DA:54,161
DA:55,23
DA:57,161
DA:60,23
DA:61,18
DA:65,5
DA:68,1
DA:69,9
DA:70,4
DA:73,5
DA:83,5
DA:84,5
LF:39
LH:39
BRDA:4,0,0,1
BRDA:4,0,1,8
BRDA:6,1,0,2
BRDA:6,1,1,6
BRDA:20,2,0,1
BRDA:20,2,1,5
BRDA:28,3,0,3
BRDA:28,3,1,2
BRDA:30,4,0,4
BRDA:30,4,1,1
BRDA:44,5,0,0
BRDA:47,6,0,23
BRDA:47,6,1,0
BRDA:48,7,0,0
BRDA:48,8,0,0
BRDA:54,9,0,23
BRDA:54,9,1,138
BRDA:60,10,0,18
BRDA:60,10,1,5
BRDA:69,11,0,4
BRDA:69,11,1,5
BRF:21
BRH:17
end_of_record
